<html>
<head>
<title>TestNG:  Test</title>
<link href="../testng.css" rel="stylesheet" type="text/css" />
<link href="../my-testng.css" rel="stylesheet" type="text/css" />

<style type="text/css">
.log { display: none;} 
.stack-trace { display: none;} 
</style>
<script type="text/javascript">
<!--
function flip(e) {
  current = e.style.display;
  if (current == 'block') {
    e.style.display = 'none';
    return 0;
  }
  else {
    e.style.display = 'block';
    return 1;
  }
}

function toggleBox(szDivId, elem, msg1, msg2)
{
  var res = -1;  if (document.getElementById) {
    res = flip(document.getElementById(szDivId));
  }
  else if (document.all) {
    // this is the way old msie versions work
    res = flip(document.all[szDivId]);
  }
  if(elem) {
    if(res == 0) elem.innerHTML = msg1; else elem.innerHTML = msg2;
  }

}

function toggleAllBoxes() {
  if (document.getElementsByTagName) {
    d = document.getElementsByTagName('div');
    for (i = 0; i < d.length; i++) {
      if (d[i].className == 'log') {
        flip(d[i]);
      }
    }
  }
}

// -->
</script>

</head>
<body>
<h2 align='center'>Test</h2><table border='1' align="center">
<tr>
<td>Tests passed/Failed/Skipped:</td><td>15/3/0</td>
</tr><tr>
<td>Started on:</td><td>Tue Nov 26 17:11:56 IST 2019</td>
</tr>
<tr><td>Total time:</td><td>243 seconds (243976 ms)</td>
</tr><tr>
<td>Included groups:</td><td></td>
</tr><tr>
<td>Excluded groups:</td><td></td>
</tr>
</table><p/>
<small><i>(Hover the method name to see the test class name)</i></small><p/>
<table width='100%' border='1' class='invocation-failed'>
<tr><td colspan='4' align='center'><b>FAILED TESTS</b></td></tr>
<tr><td><b>Test method</b></td>
<td width="30%"><b>Exception</b></td>
<td width="10%"><b>Time (seconds)</b></td>
<td><b>Instance</b></td>
</tr>
<tr>
<td title='com.qa.test.HomePageTest.checkmrktplctitle()'><b>checkmrktplctitle</b><br>Test class: com.qa.test.HomePageTest</td>
<td><div><pre>java.lang.AssertionError: expected [exp] but found [Dashboard • SHOPCART]
	at com.qa.test.HomePageTest.checkmrktplctitle(HomePageTest.java:79)
	at java.util.ArrayList.forEach(ArrayList.java:1249)
... Removed 36 stack frames</pre></div><a href='#' onClick='toggleBox("stack-trace18689571", this, "Click to show all stack frames", "Click to hide stack frames")'>Click to show all stack frames</a>
<div class='stack-trace' id='stack-trace18689571'><pre>java.lang.AssertionError: expected [exp] but found [Dashboard • SHOPCART]
	at org.testng.Assert.fail(Assert.java:97)
	at org.testng.Assert.assertEqualsImpl(Assert.java:136)
	at org.testng.Assert.assertEquals(Assert.java:118)
	at org.testng.Assert.assertEquals(Assert.java:575)
	at org.testng.Assert.assertEquals(Assert.java:585)
	at com.qa.test.HomePageTest.checkmrktplctitle(HomePageTest.java:79)
	at sun.reflect.NativeMethodAccessorImpl.invoke0(Native Method)
	at sun.reflect.NativeMethodAccessorImpl.invoke(NativeMethodAccessorImpl.java:62)
	at sun.reflect.DelegatingMethodAccessorImpl.invoke(DelegatingMethodAccessorImpl.java:43)
	at java.lang.reflect.Method.invoke(Method.java:497)
	at org.testng.internal.MethodInvocationHelper.invokeMethod(MethodInvocationHelper.java:133)
	at org.testng.internal.TestInvoker.invokeMethod(TestInvoker.java:584)
	at org.testng.internal.TestInvoker.invokeTestMethod(TestInvoker.java:172)
	at org.testng.internal.MethodRunner.runInSequence(MethodRunner.java:46)
	at org.testng.internal.TestInvoker$MethodInvocationAgent.invoke(TestInvoker.java:804)
	at org.testng.internal.TestInvoker.invokeTestMethods(TestInvoker.java:145)
	at org.testng.internal.TestMethodWorker.invokeTestMethods(TestMethodWorker.java:146)
	at org.testng.internal.TestMethodWorker.run(TestMethodWorker.java:128)
	at org.testng.TestRunner$$Lambda$46/23743852.accept(Unknown Source)
	at java.util.ArrayList.forEach(ArrayList.java:1249)
	at org.testng.TestRunner.privateRun(TestRunner.java:770)
	at org.testng.TestRunner.run(TestRunner.java:591)
	at org.testng.SuiteRunner.runTest(SuiteRunner.java:402)
	at org.testng.SuiteRunner.runSequentially(SuiteRunner.java:396)
	at org.testng.SuiteRunner.privateRun(SuiteRunner.java:355)
	at org.testng.SuiteRunner.run(SuiteRunner.java:304)
	at org.testng.SuiteRunnerWorker.runSuite(SuiteRunnerWorker.java:53)
	at org.testng.SuiteRunnerWorker.run(SuiteRunnerWorker.java:96)
	at org.testng.TestNG.runSuitesSequentially(TestNG.java:1180)
	at org.testng.TestNG.runSuitesLocally(TestNG.java:1102)
	at org.testng.TestNG.runSuites(TestNG.java:1032)
	at org.testng.TestNG.run(TestNG.java:1000)
	at org.apache.maven.surefire.testng.TestNGExecutor.run(TestNGExecutor.java:282)
	at org.apache.maven.surefire.testng.TestNGXmlTestSuite.execute(TestNGXmlTestSuite.java:83)
	at org.apache.maven.surefire.testng.TestNGProvider.invoke(TestNGProvider.java:114)
	at org.apache.maven.surefire.booter.ForkedBooter.invokeProviderInSameClassLoader(ForkedBooter.java:286)
	at org.apache.maven.surefire.booter.ForkedBooter.runSuitesInProcess(ForkedBooter.java:240)
	at org.apache.maven.surefire.booter.ForkedBooter.main(ForkedBooter.java:121)
</pre></div></td>
<td>4</td>
<td>com.qa.test.HomePageTest@ceda24</td></tr>
<tr>
<td title='com.qa.test.HomePageTest.checkwarningmsg()'><b>checkwarningmsg</b><br>Test class: com.qa.test.HomePageTest</td>
<td><div><pre>java.lang.AssertionError: expected [If you want to be able to fully use the AdminModules panel and have free modules available, you should enable the following configuration on your server
- Enable PHP&apos;s allow_url_fopen setting] but found []
	at com.qa.test.HomePageTest.checkwarningmsg(HomePageTest.java:71)
	at java.util.ArrayList.forEach(ArrayList.java:1249)
... Removed 36 stack frames</pre></div><a href='#' onClick='toggleBox("stack-trace18960102", this, "Click to show all stack frames", "Click to hide stack frames")'>Click to show all stack frames</a>
<div class='stack-trace' id='stack-trace18960102'><pre>java.lang.AssertionError: expected [If you want to be able to fully use the AdminModules panel and have free modules available, you should enable the following configuration on your server
- Enable PHP&apos;s allow_url_fopen setting] but found []
	at org.testng.Assert.fail(Assert.java:97)
	at org.testng.Assert.assertEqualsImpl(Assert.java:136)
	at org.testng.Assert.assertEquals(Assert.java:118)
	at org.testng.Assert.assertEquals(Assert.java:575)
	at org.testng.Assert.assertEquals(Assert.java:585)
	at com.qa.test.HomePageTest.checkwarningmsg(HomePageTest.java:71)
	at sun.reflect.NativeMethodAccessorImpl.invoke0(Native Method)
	at sun.reflect.NativeMethodAccessorImpl.invoke(NativeMethodAccessorImpl.java:62)
	at sun.reflect.DelegatingMethodAccessorImpl.invoke(DelegatingMethodAccessorImpl.java:43)
	at java.lang.reflect.Method.invoke(Method.java:497)
	at org.testng.internal.MethodInvocationHelper.invokeMethod(MethodInvocationHelper.java:133)
	at org.testng.internal.TestInvoker.invokeMethod(TestInvoker.java:584)
	at org.testng.internal.TestInvoker.invokeTestMethod(TestInvoker.java:172)
	at org.testng.internal.MethodRunner.runInSequence(MethodRunner.java:46)
	at org.testng.internal.TestInvoker$MethodInvocationAgent.invoke(TestInvoker.java:804)
	at org.testng.internal.TestInvoker.invokeTestMethods(TestInvoker.java:145)
	at org.testng.internal.TestMethodWorker.invokeTestMethods(TestMethodWorker.java:146)
	at org.testng.internal.TestMethodWorker.run(TestMethodWorker.java:128)
	at org.testng.TestRunner$$Lambda$46/23743852.accept(Unknown Source)
	at java.util.ArrayList.forEach(ArrayList.java:1249)
	at org.testng.TestRunner.privateRun(TestRunner.java:770)
	at org.testng.TestRunner.run(TestRunner.java:591)
	at org.testng.SuiteRunner.runTest(SuiteRunner.java:402)
	at org.testng.SuiteRunner.runSequentially(SuiteRunner.java:396)
	at org.testng.SuiteRunner.privateRun(SuiteRunner.java:355)
	at org.testng.SuiteRunner.run(SuiteRunner.java:304)
	at org.testng.SuiteRunnerWorker.runSuite(SuiteRunnerWorker.java:53)
	at org.testng.SuiteRunnerWorker.run(SuiteRunnerWorker.java:96)
	at org.testng.TestNG.runSuitesSequentially(TestNG.java:1180)
	at org.testng.TestNG.runSuitesLocally(TestNG.java:1102)
	at org.testng.TestNG.runSuites(TestNG.java:1032)
	at org.testng.TestNG.run(TestNG.java:1000)
	at org.apache.maven.surefire.testng.TestNGExecutor.run(TestNGExecutor.java:282)
	at org.apache.maven.surefire.testng.TestNGXmlTestSuite.execute(TestNGXmlTestSuite.java:83)
	at org.apache.maven.surefire.testng.TestNGProvider.invoke(TestNGProvider.java:114)
	at org.apache.maven.surefire.booter.ForkedBooter.invokeProviderInSameClassLoader(ForkedBooter.java:286)
	at org.apache.maven.surefire.booter.ForkedBooter.runSuitesInProcess(ForkedBooter.java:240)
	at org.apache.maven.surefire.booter.ForkedBooter.main(ForkedBooter.java:121)
</pre></div></td>
<td>9</td>
<td>com.qa.test.HomePageTest@ceda24</td></tr>
<tr>
<td title='com.qa.test.PriceruleTest.clickonAddCartRules()'><b>clickonAddCartRules</b><br>Test class: com.qa.test.PriceruleTest<br>Parameters: TC01, arthymane(arthymane27@gmail.com), 1000</td>
<td><div><pre>java.lang.NullPointerException
	at com.qa.test.PriceruleTest.clickonAddCartRules(PriceruleTest.java:69)
	at java.util.ArrayList.forEach(ArrayList.java:1249)
... Removed 31 stack frames</pre></div><a href='#' onClick='toggleBox("stack-trace21465729", this, "Click to show all stack frames", "Click to hide stack frames")'>Click to show all stack frames</a>
<div class='stack-trace' id='stack-trace21465729'><pre>java.lang.NullPointerException
	at com.qa.test.PriceruleTest.clickonAddCartRules(PriceruleTest.java:69)
	at sun.reflect.NativeMethodAccessorImpl.invoke0(Native Method)
	at sun.reflect.NativeMethodAccessorImpl.invoke(NativeMethodAccessorImpl.java:62)
	at sun.reflect.DelegatingMethodAccessorImpl.invoke(DelegatingMethodAccessorImpl.java:43)
	at java.lang.reflect.Method.invoke(Method.java:497)
	at org.testng.internal.MethodInvocationHelper.invokeMethod(MethodInvocationHelper.java:133)
	at org.testng.internal.TestInvoker.invokeMethod(TestInvoker.java:584)
	at org.testng.internal.TestInvoker.invokeTestMethod(TestInvoker.java:172)
	at org.testng.internal.MethodRunner.runInSequence(MethodRunner.java:46)
	at org.testng.internal.TestInvoker$MethodInvocationAgent.invoke(TestInvoker.java:804)
	at org.testng.internal.TestInvoker.invokeTestMethods(TestInvoker.java:145)
	at org.testng.internal.TestMethodWorker.invokeTestMethods(TestMethodWorker.java:146)
	at org.testng.internal.TestMethodWorker.run(TestMethodWorker.java:128)
	at org.testng.TestRunner$$Lambda$46/23743852.accept(Unknown Source)
	at java.util.ArrayList.forEach(ArrayList.java:1249)
	at org.testng.TestRunner.privateRun(TestRunner.java:770)
	at org.testng.TestRunner.run(TestRunner.java:591)
	at org.testng.SuiteRunner.runTest(SuiteRunner.java:402)
	at org.testng.SuiteRunner.runSequentially(SuiteRunner.java:396)
	at org.testng.SuiteRunner.privateRun(SuiteRunner.java:355)
	at org.testng.SuiteRunner.run(SuiteRunner.java:304)
	at org.testng.SuiteRunnerWorker.runSuite(SuiteRunnerWorker.java:53)
	at org.testng.SuiteRunnerWorker.run(SuiteRunnerWorker.java:96)
	at org.testng.TestNG.runSuitesSequentially(TestNG.java:1180)
	at org.testng.TestNG.runSuitesLocally(TestNG.java:1102)
	at org.testng.TestNG.runSuites(TestNG.java:1032)
	at org.testng.TestNG.run(TestNG.java:1000)
	at org.apache.maven.surefire.testng.TestNGExecutor.run(TestNGExecutor.java:282)
	at org.apache.maven.surefire.testng.TestNGXmlTestSuite.execute(TestNGXmlTestSuite.java:83)
	at org.apache.maven.surefire.testng.TestNGProvider.invoke(TestNGProvider.java:114)
	at org.apache.maven.surefire.booter.ForkedBooter.invokeProviderInSameClassLoader(ForkedBooter.java:286)
	at org.apache.maven.surefire.booter.ForkedBooter.runSuitesInProcess(ForkedBooter.java:240)
	at org.apache.maven.surefire.booter.ForkedBooter.main(ForkedBooter.java:121)
</pre></div></td>
<td>0</td>
<td>com.qa.test.PriceruleTest@1021e6c</td></tr>
</table><p>
<table width='100%' border='1' class='invocation-passed'>
<tr><td colspan='4' align='center'><b>PASSED TESTS</b></td></tr>
<tr><td><b>Test method</b></td>
<td width="30%"><b>Exception</b></td>
<td width="10%"><b>Time (seconds)</b></td>
<td><b>Instance</b></td>
</tr>
<tr>
<td title='com.qa.test.LoginTest.CheckTitle()'><b>CheckTitle</b><br>Test class: com.qa.test.LoginTest</td>
<td></td>
<td>0</td>
<td>com.qa.test.LoginTest@1e3708</td></tr>
<tr>
<td title='com.qa.test.LoginTest.CheckValidLogin()'><b>CheckValidLogin</b><br>Test class: com.qa.test.LoginTest</td>
<td></td>
<td>0</td>
<td>com.qa.test.LoginTest@1e3708</td></tr>
<tr>
<td title='com.qa.test.LoginTest.Checkinvalidlogin()'><b>Checkinvalidlogin</b><br>Test class: com.qa.test.LoginTest</td>
<td></td>
<td>0</td>
<td>com.qa.test.LoginTest@1e3708</td></tr>
<tr>
<td title='com.qa.test.LoginTest.Checkpwderrormsg()'><b>Checkpwderrormsg</b><br>Test class: com.qa.test.LoginTest</td>
<td></td>
<td>0</td>
<td>com.qa.test.LoginTest@1e3708</td></tr>
<tr>
<td title='com.qa.test.LoginTest.Checkstayloginbtn()'><b>Checkstayloginbtn</b><br>Test class: com.qa.test.LoginTest</td>
<td></td>
<td>0</td>
<td>com.qa.test.LoginTest@1e3708</td></tr>
<tr>
<td title='com.qa.test.LoginTest.validatechecklogoimg()'><b>validatechecklogoimg</b><br>Test class: com.qa.test.LoginTest</td>
<td></td>
<td>0</td>
<td>com.qa.test.LoginTest@1e3708</td></tr>
<tr>
<td title='com.qa.test.OrderTest.validateclickoncreditslips()'><b>validateclickoncreditslips</b><br>Test class: com.qa.test.OrderTest</td>
<td></td>
<td>7</td>
<td>com.qa.test.OrderTest@1a50a4c</td></tr>
<tr>
<td title='com.qa.test.OrderTest.validateclickondeliveryslips()'><b>validateclickondeliveryslips</b><br>Test class: com.qa.test.OrderTest</td>
<td></td>
<td>5</td>
<td>com.qa.test.OrderTest@1a50a4c</td></tr>
<tr>
<td title='com.qa.test.OrderTest.validateclickoninvoices()'><b>validateclickoninvoices</b><br>Test class: com.qa.test.OrderTest</td>
<td></td>
<td>8</td>
<td>com.qa.test.OrderTest@1a50a4c</td></tr>
<tr>
<td title='com.qa.test.OrderTest.validateclickonmerchandisereturns()'><b>validateclickonmerchandisereturns</b><br>Test class: com.qa.test.OrderTest</td>
<td></td>
<td>6</td>
<td>com.qa.test.OrderTest@1a50a4c</td></tr>
<tr>
<td title='com.qa.test.OrderTest.validateclickonorder()'><b>validateclickonorder</b><br>Test class: com.qa.test.OrderTest</td>
<td></td>
<td>8</td>
<td>com.qa.test.OrderTest@1a50a4c</td></tr>
<tr>
<td title='com.qa.test.OrderTest.validateclickonordermsgs()'><b>validateclickonordermsgs</b><br>Test class: com.qa.test.OrderTest</td>
<td></td>
<td>14</td>
<td>com.qa.test.OrderTest@1a50a4c</td></tr>
<tr>
<td title='com.qa.test.OrderTest.validateclickonstatuses()'><b>validateclickonstatuses</b><br>Test class: com.qa.test.OrderTest</td>
<td></td>
<td>14</td>
<td>com.qa.test.OrderTest@1a50a4c</td></tr>
<tr>
<td title='com.qa.test.OrderTest.validatecreatenewcustomer()'><b>validatecreatenewcustomer</b><br>Test class: com.qa.test.OrderTest<br>Parameters: Queen, Peter</td>
<td></td>
<td>26</td>
<td>com.qa.test.OrderTest@1a50a4c</td></tr>
<tr>
<td title='com.qa.test.OrderTest.validatecreatenewcustomer()'><b>validatecreatenewcustomer</b><br>Test class: com.qa.test.OrderTest<br>Parameters: David, Cris</td>
<td></td>
<td>29</td>
<td>com.qa.test.OrderTest@1a50a4c</td></tr>
</table><p>
</body>
</html>