<?xml version="1.0" encoding="UTF-8"?>
<testng-results skipped="0" failed="3" ignored="0" total="18" passed="15">
  <reporter-output>
  </reporter-output>
  <suite name="Suite" duration-ms="277638" started-at="2019-11-26T14:13:36 IST" finished-at="2019-11-26T14:18:14 IST">
    <groups>
    </groups>
    <test name="Test" duration-ms="277638" started-at="2019-11-26T14:13:36 IST" finished-at="2019-11-26T14:18:14 IST">
      <class name="com.qa.test.LoginTest">
        <test-method status="PASS" signature="setup()[pri:0, instance:com.qa.test.LoginTest@1e3708]" name="setup" is-config="true" duration-ms="7040" started-at="2019-11-26T14:15:15 IST" finished-at="2019-11-26T14:15:22 IST">
          <reporter-output>
          </reporter-output>
        </test-method> <!-- setup -->
        <test-method status="PASS" signature="CheckValidLogin()[pri:1, instance:com.qa.test.LoginTest@1e3708]" name="CheckValidLogin" duration-ms="488" started-at="2019-11-26T14:15:22 IST" finished-at="2019-11-26T14:15:22 IST">
          <reporter-output>
          </reporter-output>
        </test-method> <!-- CheckValidLogin -->
        <test-method status="PASS" signature="teardown()[pri:0, instance:com.qa.test.LoginTest@1e3708]" name="teardown" is-config="true" duration-ms="116" started-at="2019-11-26T14:15:22 IST" finished-at="2019-11-26T14:15:22 IST">
          <reporter-output>
          </reporter-output>
        </test-method> <!-- teardown -->
        <test-method status="PASS" signature="setup()[pri:0, instance:com.qa.test.LoginTest@1e3708]" name="setup" is-config="true" duration-ms="7101" started-at="2019-11-26T14:15:22 IST" finished-at="2019-11-26T14:15:30 IST">
          <reporter-output>
          </reporter-output>
        </test-method> <!-- setup -->
        <test-method status="PASS" signature="CheckTitle()[pri:2, instance:com.qa.test.LoginTest@1e3708]" name="CheckTitle" duration-ms="34" started-at="2019-11-26T14:15:30 IST" finished-at="2019-11-26T14:15:30 IST">
          <reporter-output>
          </reporter-output>
        </test-method> <!-- CheckTitle -->
        <test-method status="PASS" signature="teardown()[pri:0, instance:com.qa.test.LoginTest@1e3708]" name="teardown" is-config="true" duration-ms="87" started-at="2019-11-26T14:15:30 IST" finished-at="2019-11-26T14:15:30 IST">
          <reporter-output>
          </reporter-output>
        </test-method> <!-- teardown -->
        <test-method status="PASS" signature="setup()[pri:0, instance:com.qa.test.LoginTest@1e3708]" name="setup" is-config="true" duration-ms="6041" started-at="2019-11-26T14:15:30 IST" finished-at="2019-11-26T14:15:36 IST">
          <reporter-output>
          </reporter-output>
        </test-method> <!-- setup -->
        <test-method status="PASS" signature="validatechecklogoimg()[pri:3, instance:com.qa.test.LoginTest@1e3708]" name="validatechecklogoimg" duration-ms="108" started-at="2019-11-26T14:15:36 IST" finished-at="2019-11-26T14:15:36 IST">
          <reporter-output>
          </reporter-output>
        </test-method> <!-- validatechecklogoimg -->
        <test-method status="PASS" signature="teardown()[pri:0, instance:com.qa.test.LoginTest@1e3708]" name="teardown" is-config="true" duration-ms="136" started-at="2019-11-26T14:15:36 IST" finished-at="2019-11-26T14:15:36 IST">
          <reporter-output>
          </reporter-output>
        </test-method> <!-- teardown -->
        <test-method status="PASS" signature="setup()[pri:0, instance:com.qa.test.LoginTest@1e3708]" name="setup" is-config="true" duration-ms="5917" started-at="2019-11-26T14:15:36 IST" finished-at="2019-11-26T14:15:42 IST">
          <reporter-output>
          </reporter-output>
        </test-method> <!-- setup -->
        <test-method status="PASS" signature="Checkinvalidlogin()[pri:4, instance:com.qa.test.LoginTest@1e3708]" name="Checkinvalidlogin" duration-ms="706" started-at="2019-11-26T14:15:42 IST" finished-at="2019-11-26T14:15:43 IST">
          <reporter-output>
          </reporter-output>
        </test-method> <!-- Checkinvalidlogin -->
        <test-method status="PASS" signature="teardown()[pri:0, instance:com.qa.test.LoginTest@1e3708]" name="teardown" is-config="true" duration-ms="79" started-at="2019-11-26T14:15:43 IST" finished-at="2019-11-26T14:15:43 IST">
          <reporter-output>
          </reporter-output>
        </test-method> <!-- teardown -->
        <test-method status="PASS" signature="setup()[pri:0, instance:com.qa.test.LoginTest@1e3708]" name="setup" is-config="true" duration-ms="6558" started-at="2019-11-26T14:15:43 IST" finished-at="2019-11-26T14:15:49 IST">
          <reporter-output>
          </reporter-output>
        </test-method> <!-- setup -->
        <test-method status="PASS" signature="Checkpwderrormsg()[pri:5, instance:com.qa.test.LoginTest@1e3708]" name="Checkpwderrormsg" duration-ms="976" started-at="2019-11-26T14:15:49 IST" finished-at="2019-11-26T14:15:50 IST">
          <reporter-output>
          </reporter-output>
        </test-method> <!-- Checkpwderrormsg -->
        <test-method status="PASS" signature="teardown()[pri:0, instance:com.qa.test.LoginTest@1e3708]" name="teardown" is-config="true" duration-ms="141" started-at="2019-11-26T14:15:50 IST" finished-at="2019-11-26T14:15:50 IST">
          <reporter-output>
          </reporter-output>
        </test-method> <!-- teardown -->
        <test-method status="PASS" signature="setup()[pri:0, instance:com.qa.test.LoginTest@1e3708]" name="setup" is-config="true" duration-ms="6425" started-at="2019-11-26T14:15:50 IST" finished-at="2019-11-26T14:15:57 IST">
          <reporter-output>
          </reporter-output>
        </test-method> <!-- setup -->
        <test-method status="PASS" signature="Checkstayloginbtn()[pri:6, instance:com.qa.test.LoginTest@1e3708]" name="Checkstayloginbtn" duration-ms="113" started-at="2019-11-26T14:15:57 IST" finished-at="2019-11-26T14:15:57 IST">
          <reporter-output>
          </reporter-output>
        </test-method> <!-- Checkstayloginbtn -->
        <test-method status="PASS" signature="teardown()[pri:0, instance:com.qa.test.LoginTest@1e3708]" name="teardown" is-config="true" duration-ms="98" started-at="2019-11-26T14:15:57 IST" finished-at="2019-11-26T14:15:57 IST">
          <reporter-output>
          </reporter-output>
        </test-method> <!-- teardown -->
      </class> <!-- com.qa.test.LoginTest -->
      <class name="com.qa.test.OrderTest">
        <test-method status="PASS" signature="setup()[pri:0, instance:com.qa.test.OrderTest@1a50a4c]" name="setup" is-config="true" duration-ms="6665" started-at="2019-11-26T14:15:57 IST" finished-at="2019-11-26T14:16:04 IST">
          <reporter-output>
          </reporter-output>
        </test-method> <!-- setup -->
        <test-method status="PASS" signature="validateclickonorder()[pri:1, instance:com.qa.test.OrderTest@1a50a4c]" name="validateclickonorder" duration-ms="10586" started-at="2019-11-26T14:16:04 IST" finished-at="2019-11-26T14:16:14 IST">
          <reporter-output>
          </reporter-output>
        </test-method> <!-- validateclickonorder -->
        <test-method status="PASS" signature="teardown()[pri:0, instance:com.qa.test.OrderTest@1a50a4c]" name="teardown" is-config="true" duration-ms="87" started-at="2019-11-26T14:16:14 IST" finished-at="2019-11-26T14:16:14 IST">
          <reporter-output>
          </reporter-output>
        </test-method> <!-- teardown -->
        <test-method status="PASS" signature="setup()[pri:0, instance:com.qa.test.OrderTest@1a50a4c]" name="setup" is-config="true" duration-ms="7076" started-at="2019-11-26T14:16:14 IST" finished-at="2019-11-26T14:16:21 IST">
          <reporter-output>
          </reporter-output>
        </test-method> <!-- setup -->
        <test-method status="PASS" signature="validateclickoninvoices()[pri:2, instance:com.qa.test.OrderTest@1a50a4c]" name="validateclickoninvoices" duration-ms="6938" started-at="2019-11-26T14:16:21 IST" finished-at="2019-11-26T14:16:28 IST">
          <reporter-output>
          </reporter-output>
        </test-method> <!-- validateclickoninvoices -->
        <test-method status="PASS" signature="teardown()[pri:0, instance:com.qa.test.OrderTest@1a50a4c]" name="teardown" is-config="true" duration-ms="85" started-at="2019-11-26T14:16:28 IST" finished-at="2019-11-26T14:16:28 IST">
          <reporter-output>
          </reporter-output>
        </test-method> <!-- teardown -->
        <test-method status="PASS" signature="setup()[pri:0, instance:com.qa.test.OrderTest@1a50a4c]" name="setup" is-config="true" duration-ms="7402" started-at="2019-11-26T14:16:28 IST" finished-at="2019-11-26T14:16:36 IST">
          <reporter-output>
          </reporter-output>
        </test-method> <!-- setup -->
        <test-method status="PASS" signature="validateclickonmerchandisereturns()[pri:3, instance:com.qa.test.OrderTest@1a50a4c]" name="validateclickonmerchandisereturns" duration-ms="5371" started-at="2019-11-26T14:16:36 IST" finished-at="2019-11-26T14:16:41 IST">
          <reporter-output>
          </reporter-output>
        </test-method> <!-- validateclickonmerchandisereturns -->
        <test-method status="PASS" signature="teardown()[pri:0, instance:com.qa.test.OrderTest@1a50a4c]" name="teardown" is-config="true" duration-ms="81" started-at="2019-11-26T14:16:41 IST" finished-at="2019-11-26T14:16:41 IST">
          <reporter-output>
          </reporter-output>
        </test-method> <!-- teardown -->
        <test-method status="PASS" signature="setup()[pri:0, instance:com.qa.test.OrderTest@1a50a4c]" name="setup" is-config="true" duration-ms="6654" started-at="2019-11-26T14:16:41 IST" finished-at="2019-11-26T14:16:48 IST">
          <reporter-output>
          </reporter-output>
        </test-method> <!-- setup -->
        <test-method status="PASS" signature="validateclickondeliveryslips()[pri:4, instance:com.qa.test.OrderTest@1a50a4c]" name="validateclickondeliveryslips" duration-ms="5478" started-at="2019-11-26T14:16:48 IST" finished-at="2019-11-26T14:16:53 IST">
          <reporter-output>
          </reporter-output>
        </test-method> <!-- validateclickondeliveryslips -->
        <test-method status="PASS" signature="teardown()[pri:0, instance:com.qa.test.OrderTest@1a50a4c]" name="teardown" is-config="true" duration-ms="91" started-at="2019-11-26T14:16:53 IST" finished-at="2019-11-26T14:16:53 IST">
          <reporter-output>
          </reporter-output>
        </test-method> <!-- teardown -->
        <test-method status="PASS" signature="setup()[pri:0, instance:com.qa.test.OrderTest@1a50a4c]" name="setup" is-config="true" duration-ms="6965" started-at="2019-11-26T14:16:53 IST" finished-at="2019-11-26T14:17:00 IST">
          <reporter-output>
          </reporter-output>
        </test-method> <!-- setup -->
        <test-method status="PASS" signature="validateclickoncreditslips()[pri:5, instance:com.qa.test.OrderTest@1a50a4c]" name="validateclickoncreditslips" duration-ms="5216" started-at="2019-11-26T14:17:00 IST" finished-at="2019-11-26T14:17:06 IST">
          <reporter-output>
          </reporter-output>
        </test-method> <!-- validateclickoncreditslips -->
        <test-method status="PASS" signature="teardown()[pri:0, instance:com.qa.test.OrderTest@1a50a4c]" name="teardown" is-config="true" duration-ms="129" started-at="2019-11-26T14:17:06 IST" finished-at="2019-11-26T14:17:06 IST">
          <reporter-output>
          </reporter-output>
        </test-method> <!-- teardown -->
        <test-method status="PASS" signature="setup()[pri:0, instance:com.qa.test.OrderTest@1a50a4c]" name="setup" is-config="true" duration-ms="6685" started-at="2019-11-26T14:17:06 IST" finished-at="2019-11-26T14:17:12 IST">
          <reporter-output>
          </reporter-output>
        </test-method> <!-- setup -->
        <test-method status="PASS" signature="validateclickonstatuses()[pri:6, instance:com.qa.test.OrderTest@1a50a4c]" name="validateclickonstatuses" duration-ms="9312" started-at="2019-11-26T14:17:12 IST" finished-at="2019-11-26T14:17:22 IST">
          <reporter-output>
          </reporter-output>
        </test-method> <!-- validateclickonstatuses -->
        <test-method status="PASS" signature="teardown()[pri:0, instance:com.qa.test.OrderTest@1a50a4c]" name="teardown" is-config="true" duration-ms="211" started-at="2019-11-26T14:17:22 IST" finished-at="2019-11-26T14:17:22 IST">
          <reporter-output>
          </reporter-output>
        </test-method> <!-- teardown -->
        <test-method status="PASS" signature="setup()[pri:0, instance:com.qa.test.OrderTest@1a50a4c]" name="setup" is-config="true" duration-ms="6398" started-at="2019-11-26T14:17:22 IST" finished-at="2019-11-26T14:17:28 IST">
          <reporter-output>
          </reporter-output>
        </test-method> <!-- setup -->
        <test-method status="PASS" signature="validateclickonordermsgs()[pri:7, instance:com.qa.test.OrderTest@1a50a4c]" name="validateclickonordermsgs" duration-ms="5927" started-at="2019-11-26T14:17:28 IST" finished-at="2019-11-26T14:17:34 IST">
          <reporter-output>
          </reporter-output>
        </test-method> <!-- validateclickonordermsgs -->
        <test-method status="PASS" signature="teardown()[pri:0, instance:com.qa.test.OrderTest@1a50a4c]" name="teardown" is-config="true" duration-ms="94" started-at="2019-11-26T14:17:34 IST" finished-at="2019-11-26T14:17:34 IST">
          <reporter-output>
          </reporter-output>
        </test-method> <!-- teardown -->
        <test-method status="PASS" signature="setup()[pri:0, instance:com.qa.test.OrderTest@1a50a4c]" name="setup" is-config="true" duration-ms="6551" started-at="2019-11-26T14:17:35 IST" finished-at="2019-11-26T14:17:42 IST">
          <reporter-output>
          </reporter-output>
        </test-method> <!-- setup -->
        <test-method status="PASS" signature="validatecreatenewcustomer(java.lang.String, java.lang.String)[pri:7, instance:com.qa.test.OrderTest@1a50a4c]" name="validatecreatenewcustomer" duration-ms="10513" started-at="2019-11-26T14:17:42 IST" data-provider="gettestdata" finished-at="2019-11-26T14:17:52 IST">
          <params>
            <param index="0">
              <value>
                <![CDATA[Queen]]>
              </value>
            </param>
            <param index="1">
              <value>
                <![CDATA[Peter]]>
              </value>
            </param>
          </params>
          <reporter-output>
          </reporter-output>
        </test-method> <!-- validatecreatenewcustomer -->
        <test-method status="PASS" signature="teardown()[pri:0, instance:com.qa.test.OrderTest@1a50a4c]" name="teardown" is-config="true" duration-ms="83" started-at="2019-11-26T14:17:52 IST" finished-at="2019-11-26T14:17:52 IST">
          <reporter-output>
          </reporter-output>
        </test-method> <!-- teardown -->
        <test-method status="PASS" signature="setup()[pri:0, instance:com.qa.test.OrderTest@1a50a4c]" name="setup" is-config="true" duration-ms="6448" started-at="2019-11-26T14:17:52 IST" finished-at="2019-11-26T14:17:59 IST">
          <reporter-output>
          </reporter-output>
        </test-method> <!-- setup -->
        <test-method status="PASS" signature="validatecreatenewcustomer(java.lang.String, java.lang.String)[pri:7, instance:com.qa.test.OrderTest@1a50a4c]" name="validatecreatenewcustomer" duration-ms="7407" started-at="2019-11-26T14:17:59 IST" data-provider="gettestdata" finished-at="2019-11-26T14:18:06 IST">
          <params>
            <param index="0">
              <value>
                <![CDATA[David]]>
              </value>
            </param>
            <param index="1">
              <value>
                <![CDATA[Cris]]>
              </value>
            </param>
          </params>
          <reporter-output>
          </reporter-output>
        </test-method> <!-- validatecreatenewcustomer -->
        <test-method status="PASS" signature="teardown()[pri:0, instance:com.qa.test.OrderTest@1a50a4c]" name="teardown" is-config="true" duration-ms="157" started-at="2019-11-26T14:18:06 IST" finished-at="2019-11-26T14:18:06 IST">
          <reporter-output>
          </reporter-output>
        </test-method> <!-- teardown -->
      </class> <!-- com.qa.test.OrderTest -->
      <class name="com.qa.test.HomePageTest">
        <test-method status="PASS" signature="setup()[pri:0, instance:com.qa.test.HomePageTest@ceda24]" name="setup" is-config="true" duration-ms="15101" started-at="2019-11-26T14:13:36 IST" finished-at="2019-11-26T14:13:51 IST">
          <reporter-output>
          </reporter-output>
        </test-method> <!-- setup -->
        <test-method status="FAIL" signature="checkwarningmsg()[pri:8, instance:com.qa.test.HomePageTest@ceda24]" name="checkwarningmsg" duration-ms="15711" started-at="2019-11-26T14:13:51 IST" finished-at="2019-11-26T14:14:07 IST">
          <exception class="java.lang.AssertionError">
            <message>
              <![CDATA[expected [If you want to be able to fully use the AdminModules panel and have free modules available, you should enable the following configuration on your server
- Enable PHP's allow_url_fopen setting] but found []]]>
            </message>
            <full-stacktrace>
              <![CDATA[java.lang.AssertionError: expected [If you want to be able to fully use the AdminModules panel and have free modules available, you should enable the following configuration on your server
- Enable PHP's allow_url_fopen setting] but found []
at org.testng.Assert.fail(Assert.java:97)
at org.testng.Assert.assertEqualsImpl(Assert.java:136)
at org.testng.Assert.assertEquals(Assert.java:118)
at org.testng.Assert.assertEquals(Assert.java:575)
at org.testng.Assert.assertEquals(Assert.java:585)
at com.qa.test.HomePageTest.checkwarningmsg(HomePageTest.java:71)
at sun.reflect.NativeMethodAccessorImpl.invoke0(Native Method)
at sun.reflect.NativeMethodAccessorImpl.invoke(NativeMethodAccessorImpl.java:62)
at sun.reflect.DelegatingMethodAccessorImpl.invoke(DelegatingMethodAccessorImpl.java:43)
at java.lang.reflect.Method.invoke(Method.java:497)
at org.testng.internal.MethodInvocationHelper.invokeMethod(MethodInvocationHelper.java:133)
at org.testng.internal.TestInvoker.invokeMethod(TestInvoker.java:584)
at org.testng.internal.TestInvoker.invokeTestMethod(TestInvoker.java:172)
at org.testng.internal.MethodRunner.runInSequence(MethodRunner.java:46)
at org.testng.internal.TestInvoker$MethodInvocationAgent.invoke(TestInvoker.java:804)
at org.testng.internal.TestInvoker.invokeTestMethods(TestInvoker.java:145)
at org.testng.internal.TestMethodWorker.invokeTestMethods(TestMethodWorker.java:146)
at org.testng.internal.TestMethodWorker.run(TestMethodWorker.java:128)
at org.testng.TestRunner$$Lambda$46/14517890.accept(Unknown Source)
at java.util.ArrayList.forEach(ArrayList.java:1249)
at org.testng.TestRunner.privateRun(TestRunner.java:770)
at org.testng.TestRunner.run(TestRunner.java:591)
at org.testng.SuiteRunner.runTest(SuiteRunner.java:402)
at org.testng.SuiteRunner.runSequentially(SuiteRunner.java:396)
at org.testng.SuiteRunner.privateRun(SuiteRunner.java:355)
at org.testng.SuiteRunner.run(SuiteRunner.java:304)
at org.testng.SuiteRunnerWorker.runSuite(SuiteRunnerWorker.java:53)
at org.testng.SuiteRunnerWorker.run(SuiteRunnerWorker.java:96)
at org.testng.TestNG.runSuitesSequentially(TestNG.java:1180)
at org.testng.TestNG.runSuitesLocally(TestNG.java:1102)
at org.testng.TestNG.runSuites(TestNG.java:1032)
at org.testng.TestNG.run(TestNG.java:1000)
at org.apache.maven.surefire.testng.TestNGExecutor.run(TestNGExecutor.java:282)
at org.apache.maven.surefire.testng.TestNGXmlTestSuite.execute(TestNGXmlTestSuite.java:83)
at org.apache.maven.surefire.testng.TestNGProvider.invoke(TestNGProvider.java:114)
at org.apache.maven.surefire.booter.ForkedBooter.invokeProviderInSameClassLoader(ForkedBooter.java:286)
at org.apache.maven.surefire.booter.ForkedBooter.runSuitesInProcess(ForkedBooter.java:240)
at org.apache.maven.surefire.booter.ForkedBooter.main(ForkedBooter.java:121)
]]>
            </full-stacktrace>
          </exception> <!-- java.lang.AssertionError -->
          <reporter-output>
          </reporter-output>
        </test-method> <!-- checkwarningmsg -->
        <test-method status="PASS" signature="teardown(org.testng.ITestResult)[pri:0, instance:com.qa.test.HomePageTest@ceda24]" name="teardown" is-config="true" duration-ms="1649" started-at="2019-11-26T14:14:07 IST" finished-at="2019-11-26T14:14:09 IST">
          <params>
            <param index="0">
              <value>
                <![CDATA[[TestResult name=checkwarningmsg status=FAILURE method=HomePageTest.checkwarningmsg()[pri:8, instance:com.qa.test.HomePageTest@ceda24] output={null}]]]>
              </value>
            </param>
          </params>
          <reporter-output>
          </reporter-output>
        </test-method> <!-- teardown -->
        <test-method status="PASS" signature="setup()[pri:0, instance:com.qa.test.HomePageTest@ceda24]" name="setup" is-config="true" duration-ms="12108" started-at="2019-11-26T14:14:09 IST" finished-at="2019-11-26T14:14:21 IST">
          <reporter-output>
          </reporter-output>
        </test-method> <!-- setup -->
        <test-method status="FAIL" signature="checkmrktplctitle()[pri:9, instance:com.qa.test.HomePageTest@ceda24]" name="checkmrktplctitle" duration-ms="52795" started-at="2019-11-26T14:14:21 IST" finished-at="2019-11-26T14:15:14 IST">
          <exception class="org.openqa.selenium.ElementNotVisibleException">
            <message>
              <![CDATA[element not interactable
  (Session info: chrome=78.0.3904.108)
  (Driver info: chromedriver=78.0.3904.70 (edb9c9f3de0247fd912a77b7f6cae7447f6d3ad5-refs/branch-heads/3904@{#800}),platform=Windows NT 10.0.17763 x86_64) (WARNING: The server did not provide any stacktrace information)
Command duration or timeout: 40.11 seconds
Build info: version: '2.52.0', revision: '4c2593cfc3689a7fcd7be52549167e5ccc93ad28', time: '2016-02-11 11:22:43'
System info: host: 'LAPTOP-F7OMCQ2C', ip: '172.20.10.5', os.name: 'Windows 8.1', os.arch: 'x86', os.version: '6.3', java.version: '1.8.0_45'
Driver info: org.openqa.selenium.chrome.ChromeDriver
Capabilities [{mobileEmulationEnabled=false, timeouts={implicit=0, pageLoad=300000, script=30000}, hasTouchScreen=false, platform=WIN8_1, acceptSslCerts=false, goog:chromeOptions={debuggerAddress=localhost:16502}, acceptInsecureCerts=false, webStorageEnabled=true, browserName=chrome, takesScreenshot=true, javascriptEnabled=true, setWindowRect=true, unexpectedAlertBehaviour=ignore, applicationCacheEnabled=false, rotatable=false, networkConnectionEnabled=false, chrome={chromedriverVersion=78.0.3904.70 (edb9c9f3de0247fd912a77b7f6cae7447f6d3ad5-refs/branch-heads/3904@{#800}), userDataDir=C:\Users\Lenovo\AppData\Local\Temp\scoped_dir21668_388408182}, takesHeapSnapshot=true, pageLoadStrategy=normal, strictFileInteractability=false, databaseEnabled=false, handlesAlerts=true, version=78.0.3904.108, browserConnectionEnabled=false, proxy={}, nativeEvents=true, locationContextEnabled=true, cssSelectorsEnabled=true}]
Session ID: d77c073c898b220dac8a19ce8548dea4]]>
            </message>
            <full-stacktrace>
              <![CDATA[org.openqa.selenium.ElementNotVisibleException: element not interactable
  (Session info: chrome=78.0.3904.108)
  (Driver info: chromedriver=78.0.3904.70 (edb9c9f3de0247fd912a77b7f6cae7447f6d3ad5-refs/branch-heads/3904@{#800}),platform=Windows NT 10.0.17763 x86_64) (WARNING: The server did not provide any stacktrace information)
Command duration or timeout: 40.11 seconds
Build info: version: '2.52.0', revision: '4c2593cfc3689a7fcd7be52549167e5ccc93ad28', time: '2016-02-11 11:22:43'
System info: host: 'LAPTOP-F7OMCQ2C', ip: '172.20.10.5', os.name: 'Windows 8.1', os.arch: 'x86', os.version: '6.3', java.version: '1.8.0_45'
Driver info: org.openqa.selenium.chrome.ChromeDriver
Capabilities [{mobileEmulationEnabled=false, timeouts={implicit=0, pageLoad=300000, script=30000}, hasTouchScreen=false, platform=WIN8_1, acceptSslCerts=false, goog:chromeOptions={debuggerAddress=localhost:16502}, acceptInsecureCerts=false, webStorageEnabled=true, browserName=chrome, takesScreenshot=true, javascriptEnabled=true, setWindowRect=true, unexpectedAlertBehaviour=ignore, applicationCacheEnabled=false, rotatable=false, networkConnectionEnabled=false, chrome={chromedriverVersion=78.0.3904.70 (edb9c9f3de0247fd912a77b7f6cae7447f6d3ad5-refs/branch-heads/3904@{#800}), userDataDir=C:\Users\Lenovo\AppData\Local\Temp\scoped_dir21668_388408182}, takesHeapSnapshot=true, pageLoadStrategy=normal, strictFileInteractability=false, databaseEnabled=false, handlesAlerts=true, version=78.0.3904.108, browserConnectionEnabled=false, proxy={}, nativeEvents=true, locationContextEnabled=true, cssSelectorsEnabled=true}]
Session ID: d77c073c898b220dac8a19ce8548dea4
at sun.reflect.NativeConstructorAccessorImpl.newInstance0(Native Method)
at sun.reflect.NativeConstructorAccessorImpl.newInstance(NativeConstructorAccessorImpl.java:62)
at sun.reflect.DelegatingConstructorAccessorImpl.newInstance(DelegatingConstructorAccessorImpl.java:45)
at java.lang.reflect.Constructor.newInstance(Constructor.java:422)
at org.openqa.selenium.remote.ErrorHandler.createThrowable(ErrorHandler.java:206)
at org.openqa.selenium.remote.ErrorHandler.throwIfResponseFailed(ErrorHandler.java:158)
at org.openqa.selenium.remote.RemoteWebDriver.execute(RemoteWebDriver.java:678)
at org.openqa.selenium.remote.RemoteWebElement.execute(RemoteWebElement.java:327)
at org.openqa.selenium.remote.RemoteWebElement.click(RemoteWebElement.java:85)
at sun.reflect.NativeMethodAccessorImpl.invoke0(Native Method)
at sun.reflect.NativeMethodAccessorImpl.invoke(NativeMethodAccessorImpl.java:62)
at sun.reflect.DelegatingMethodAccessorImpl.invoke(DelegatingMethodAccessorImpl.java:43)
at java.lang.reflect.Method.invoke(Method.java:497)
at org.openqa.selenium.support.pagefactory.internal.LocatingElementHandler.invoke(LocatingElementHandler.java:51)
at com.sun.proxy.$Proxy7.click(Unknown Source)
at com.qa.pages.HomePage.clickonconn2mrktplc(HomePage.java:121)
at com.qa.test.HomePageTest.checkmrktplctitle(HomePageTest.java:77)
at sun.reflect.NativeMethodAccessorImpl.invoke0(Native Method)
at sun.reflect.NativeMethodAccessorImpl.invoke(NativeMethodAccessorImpl.java:62)
at sun.reflect.DelegatingMethodAccessorImpl.invoke(DelegatingMethodAccessorImpl.java:43)
at java.lang.reflect.Method.invoke(Method.java:497)
at org.testng.internal.MethodInvocationHelper.invokeMethod(MethodInvocationHelper.java:133)
at org.testng.internal.TestInvoker.invokeMethod(TestInvoker.java:584)
at org.testng.internal.TestInvoker.invokeTestMethod(TestInvoker.java:172)
at org.testng.internal.MethodRunner.runInSequence(MethodRunner.java:46)
at org.testng.internal.TestInvoker$MethodInvocationAgent.invoke(TestInvoker.java:804)
at org.testng.internal.TestInvoker.invokeTestMethods(TestInvoker.java:145)
at org.testng.internal.TestMethodWorker.invokeTestMethods(TestMethodWorker.java:146)
at org.testng.internal.TestMethodWorker.run(TestMethodWorker.java:128)
at org.testng.TestRunner$$Lambda$46/14517890.accept(Unknown Source)
at java.util.ArrayList.forEach(ArrayList.java:1249)
at org.testng.TestRunner.privateRun(TestRunner.java:770)
at org.testng.TestRunner.run(TestRunner.java:591)
at org.testng.SuiteRunner.runTest(SuiteRunner.java:402)
at org.testng.SuiteRunner.runSequentially(SuiteRunner.java:396)
at org.testng.SuiteRunner.privateRun(SuiteRunner.java:355)
at org.testng.SuiteRunner.run(SuiteRunner.java:304)
at org.testng.SuiteRunnerWorker.runSuite(SuiteRunnerWorker.java:53)
at org.testng.SuiteRunnerWorker.run(SuiteRunnerWorker.java:96)
at org.testng.TestNG.runSuitesSequentially(TestNG.java:1180)
at org.testng.TestNG.runSuitesLocally(TestNG.java:1102)
at org.testng.TestNG.runSuites(TestNG.java:1032)
at org.testng.TestNG.run(TestNG.java:1000)
at org.apache.maven.surefire.testng.TestNGExecutor.run(TestNGExecutor.java:282)
at org.apache.maven.surefire.testng.TestNGXmlTestSuite.execute(TestNGXmlTestSuite.java:83)
at org.apache.maven.surefire.testng.TestNGProvider.invoke(TestNGProvider.java:114)
at org.apache.maven.surefire.booter.ForkedBooter.invokeProviderInSameClassLoader(ForkedBooter.java:286)
at org.apache.maven.surefire.booter.ForkedBooter.runSuitesInProcess(ForkedBooter.java:240)
at org.apache.maven.surefire.booter.ForkedBooter.main(ForkedBooter.java:121)
]]>
            </full-stacktrace>
          </exception> <!-- org.openqa.selenium.ElementNotVisibleException -->
          <reporter-output>
          </reporter-output>
        </test-method> <!-- checkmrktplctitle -->
        <test-method status="PASS" signature="teardown(org.testng.ITestResult)[pri:0, instance:com.qa.test.HomePageTest@ceda24]" name="teardown" is-config="true" duration-ms="1223" started-at="2019-11-26T14:15:14 IST" finished-at="2019-11-26T14:15:15 IST">
          <params>
            <param index="0">
              <value>
                <![CDATA[[TestResult name=checkmrktplctitle status=FAILURE method=HomePageTest.checkmrktplctitle()[pri:9, instance:com.qa.test.HomePageTest@ceda24] output={null}]]]>
              </value>
            </param>
          </params>
          <reporter-output>
          </reporter-output>
        </test-method> <!-- teardown -->
      </class> <!-- com.qa.test.HomePageTest -->
      <class name="com.qa.test.PriceruleTest">
        <test-method status="PASS" signature="setup()[pri:0, instance:com.qa.test.PriceruleTest@1021e6c]" name="setup" is-config="true" duration-ms="7299" started-at="2019-11-26T14:18:06 IST" finished-at="2019-11-26T14:18:14 IST">
          <reporter-output>
          </reporter-output>
        </test-method> <!-- setup -->
        <test-method status="FAIL" signature="clickonAddCartRules(java.lang.String, java.lang.String, java.lang.String)[pri:2, instance:com.qa.test.PriceruleTest@1021e6c]" name="clickonAddCartRules" duration-ms="3" started-at="2019-11-26T14:18:14 IST" data-provider="conditions" finished-at="2019-11-26T14:18:14 IST">
          <params>
            <param index="0">
              <value>
                <![CDATA[TC01]]>
              </value>
            </param>
            <param index="1">
              <value>
                <![CDATA[arthymane(arthymane27@gmail.com)]]>
              </value>
            </param>
            <param index="2">
              <value>
                <![CDATA[1000]]>
              </value>
            </param>
          </params>
          <exception class="java.lang.NullPointerException">
            <full-stacktrace>
              <![CDATA[java.lang.NullPointerException
at com.qa.test.PriceruleTest.clickonAddCartRules(PriceruleTest.java:69)
at sun.reflect.NativeMethodAccessorImpl.invoke0(Native Method)
at sun.reflect.NativeMethodAccessorImpl.invoke(NativeMethodAccessorImpl.java:62)
at sun.reflect.DelegatingMethodAccessorImpl.invoke(DelegatingMethodAccessorImpl.java:43)
at java.lang.reflect.Method.invoke(Method.java:497)
at org.testng.internal.MethodInvocationHelper.invokeMethod(MethodInvocationHelper.java:133)
at org.testng.internal.TestInvoker.invokeMethod(TestInvoker.java:584)
at org.testng.internal.TestInvoker.invokeTestMethod(TestInvoker.java:172)
at org.testng.internal.MethodRunner.runInSequence(MethodRunner.java:46)
at org.testng.internal.TestInvoker$MethodInvocationAgent.invoke(TestInvoker.java:804)
at org.testng.internal.TestInvoker.invokeTestMethods(TestInvoker.java:145)
at org.testng.internal.TestMethodWorker.invokeTestMethods(TestMethodWorker.java:146)
at org.testng.internal.TestMethodWorker.run(TestMethodWorker.java:128)
at org.testng.TestRunner$$Lambda$46/14517890.accept(Unknown Source)
at java.util.ArrayList.forEach(ArrayList.java:1249)
at org.testng.TestRunner.privateRun(TestRunner.java:770)
at org.testng.TestRunner.run(TestRunner.java:591)
at org.testng.SuiteRunner.runTest(SuiteRunner.java:402)
at org.testng.SuiteRunner.runSequentially(SuiteRunner.java:396)
at org.testng.SuiteRunner.privateRun(SuiteRunner.java:355)
at org.testng.SuiteRunner.run(SuiteRunner.java:304)
at org.testng.SuiteRunnerWorker.runSuite(SuiteRunnerWorker.java:53)
at org.testng.SuiteRunnerWorker.run(SuiteRunnerWorker.java:96)
at org.testng.TestNG.runSuitesSequentially(TestNG.java:1180)
at org.testng.TestNG.runSuitesLocally(TestNG.java:1102)
at org.testng.TestNG.runSuites(TestNG.java:1032)
at org.testng.TestNG.run(TestNG.java:1000)
at org.apache.maven.surefire.testng.TestNGExecutor.run(TestNGExecutor.java:282)
at org.apache.maven.surefire.testng.TestNGXmlTestSuite.execute(TestNGXmlTestSuite.java:83)
at org.apache.maven.surefire.testng.TestNGProvider.invoke(TestNGProvider.java:114)
at org.apache.maven.surefire.booter.ForkedBooter.invokeProviderInSameClassLoader(ForkedBooter.java:286)
at org.apache.maven.surefire.booter.ForkedBooter.runSuitesInProcess(ForkedBooter.java:240)
at org.apache.maven.surefire.booter.ForkedBooter.main(ForkedBooter.java:121)
]]>
            </full-stacktrace>
          </exception> <!-- java.lang.NullPointerException -->
          <reporter-output>
          </reporter-output>
        </test-method> <!-- clickonAddCartRules -->
        <test-method status="PASS" signature="teardown()[pri:0, instance:com.qa.test.PriceruleTest@1021e6c]" name="teardown" is-config="true" duration-ms="159" started-at="2019-11-26T14:18:14 IST" finished-at="2019-11-26T14:18:14 IST">
          <reporter-output>
          </reporter-output>
        </test-method> <!-- teardown -->
      </class> <!-- com.qa.test.PriceruleTest -->
    </test> <!-- Test -->
  </suite> <!-- Suite -->
</testng-results>
